# JRE version: OpenJDK Runtime Environment (11.0.11+9) (build 11.0.11+9-b60-7590822)
# Java VM: OpenJDK 64-Bit Server VM (11.0.11+9-b60-7590822, mixed mode, tiered, compressed oops, g1 gc, windows-amd64)
Heap:
 garbage-first heap   total 95232K, used 32669K [0x0000000080000000, 0x0000000100000000)
  region size 1024K, 4 young (4096K), 4 survivors (4096K)
 Metaspace       used 49622K, capacity 50789K, committed 50892K, reserved 1103872K
  class space    used 6317K, capacity 6796K, committed 6860K, reserved 1048576K
GC Heap History (20 events):
Event: 6.096 GC heap before
{Heap before GC invocations=5 (full 0):
 garbage-first heap   total 78848K, used 38060K [0x0000000080000000, 0x0000000100000000)
  region size 1024K, 25 young (25600K), 3 survivors (3072K)
 Metaspace       used 20706K, capacity 21085K, committed 21248K, reserved 1067008K
  class space    used 2545K, capacity 2695K, committed 2816K, reserved 1048576K
}
Event: 6.103 GC heap after
{Heap after GC invocations=6 (full 0):
 garbage-first heap   total 78848K, used 17399K [0x0000000080000000, 0x0000000100000000)
  region size 1024K, 1 young (1024K), 1 survivors (1024K)
 Metaspace       used 20706K, capacity 21085K, committed 21248K, reserved 1067008K
  class space    used 2545K, capacity 2695K, committed 2816K, reserved 1048576K
}
Event: 7.029 GC heap before
{Heap before GC invocations=7 (full 0):
 garbage-first heap   total 78848K, used 49143K [0x0000000080000000, 0x0000000100000000)
  region size 1024K, 32 young (32768K), 1 survivors (1024K)
 Metaspace       used 23946K, capacity 24500K, committed 24576K, reserved 1071104K
  class space    used 3062K, capacity 3263K, committed 3328K, reserved 1048576K
}
Event: 7.034 GC heap after
{Heap after GC invocations=8 (full 0):
 garbage-first heap   total 78848K, used 18466K [0x0000000080000000, 0x0000000100000000)
  region size 1024K, 2 young (2048K), 2 survivors (2048K)
 Metaspace       used 23946K, capacity 24500K, committed 24576K, reserved 1071104K
  class space    used 3062K, capacity 3263K, committed 3328K, reserved 1048576K
}
Event: 7.976 GC heap before
{Heap before GC invocations=8 (full 0):
 garbage-first heap   total 78848K, used 51234K [0x0000000080000000, 0x0000000100000000)
  region size 1024K, 35 young (35840K), 2 survivors (2048K)
 Metaspace       used 27095K, capacity 27714K, committed 27904K, reserved 1073152K
  class space    used 3574K, capacity 3807K, committed 3840K, reserved 1048576K
}
Event: 7.982 GC heap after
{Heap after GC invocations=9 (full 0):
 garbage-first heap   total 78848K, used 19748K [0x0000000080000000, 0x0000000100000000)
  region size 1024K, 4 young (4096K), 4 survivors (4096K)
 Metaspace       used 27095K, capacity 27714K, committed 27904K, reserved 1073152K
  class space    used 3574K, capacity 3807K, committed 3840K, reserved 1048576K
}
Event: 8.903 GC heap before
{Heap before GC invocations=9 (full 0):
 garbage-first heap   total 78848K, used 53540K [0x0000000080000000, 0x0000000100000000)
  region size 1024K, 37 young (37888K), 4 survivors (4096K)
 Metaspace       used 31551K, capacity 32224K, committed 32512K, reserved 1077248K
  class space    used 4223K, capacity 4504K, committed 4608K, reserved 1048576K
}
Event: 8.912 GC heap after
{Heap after GC invocations=10 (full 0):
 garbage-first heap   total 78848K, used 21694K [0x0000000080000000, 0x0000000100000000)
  region size 1024K, 5 young (5120K), 5 survivors (5120K)
 Metaspace       used 31551K, capacity 32224K, committed 32512K, reserved 1077248K
  class space    used 4223K, capacity 4504K, committed 4608K, reserved 1048576K
}
Event: 9.292 GC heap before
{Heap before GC invocations=10 (full 0):
 garbage-first heap   total 78848K, used 29886K [0x0000000080000000, 0x0000000100000000)
  region size 1024K, 14 young (14336K), 5 survivors (5120K)
 Metaspace       used 35071K, capacity 35790K, committed 35840K, reserved 1081344K
  class space    used 4561K, capacity 4863K, committed 4864K, reserved 1048576K
}
Event: 9.305 GC heap after
{Heap after GC invocations=11 (full 0):
 garbage-first heap   total 78848K, used 23099K [0x0000000080000000, 0x0000000100000000)
  region size 1024K, 4 young (4096K), 4 survivors (4096K)
 Metaspace       used 35071K, capacity 35790K, committed 35840K, reserved 1081344K
  class space    used 4561K, capacity 4863K, committed 4864K, reserved 1048576K
}
Event: 9.900 GC heap before
{Heap before GC invocations=12 (full 0):
 garbage-first heap   total 78848K, used 56891K [0x0000000080000000, 0x0000000100000000)
  region size 1024K, 37 young (37888K), 4 survivors (4096K)
 Metaspace       used 37558K, capacity 38458K, committed 38604K, reserved 1083392K
  class space    used 4862K, capacity 5194K, committed 5324K, reserved 1048576K
}
Event: 9.913 GC heap after
{Heap after GC invocations=13 (full 0):
 garbage-first heap   total 78848K, used 25967K [0x0000000080000000, 0x0000000100000000)
  region size 1024K, 5 young (5120K), 5 survivors (5120K)
 Metaspace       used 37558K, capacity 38458K, committed 38604K, reserved 1083392K
  class space    used 4862K, capacity 5194K, committed 5324K, reserved 1048576K
}
Event: 11.085 GC heap before
{Heap before GC invocations=14 (full 0):
 garbage-first heap   total 78848K, used 62831K [0x0000000080000000, 0x0000000100000000)
  region size 1024K, 38 young (38912K), 5 survivors (5120K)
 Metaspace       used 40149K, capacity 41056K, committed 41164K, reserved 1085440K
  class space    used 5138K, capacity 5504K, committed 5580K, reserved 1048576K
}
Event: 11.101 GC heap after
{Heap after GC invocations=15 (full 0):
 garbage-first heap   total 95232K, used 28269K [0x0000000080000000, 0x0000000100000000)
  region size 1024K, 3 young (3072K), 3 survivors (3072K)
 Metaspace       used 40149K, capacity 41056K, committed 41164K, reserved 1085440K
  class space    used 5138K, capacity 5504K, committed 5580K, reserved 1048576K
}
Event: 17.683 GC heap before
{Heap before GC invocations=15 (full 0):
 garbage-first heap   total 95232K, used 69229K [0x0000000080000000, 0x0000000100000000)
  region size 1024K, 43 young (44032K), 3 survivors (3072K)
 Metaspace       used 44207K, capacity 45197K, committed 45516K, reserved 1089536K
  class space    used 5666K, capacity 6022K, committed 6092K, reserved 1048576K
}
Event: 17.698 GC heap after
{Heap after GC invocations=16 (full 0):
 garbage-first heap   total 95232K, used 29415K [0x0000000080000000, 0x0000000100000000)
  region size 1024K, 4 young (4096K), 4 survivors (4096K)
 Metaspace       used 44207K, capacity 45197K, committed 45516K, reserved 1089536K
  class space    used 5666K, capacity 6022K, committed 6092K, reserved 1048576K
}
Event: 26.616 GC heap before
{Heap before GC invocations=16 (full 0):
 garbage-first heap   total 95232K, used 71399K [0x0000000080000000, 0x0000000100000000)
  region size 1024K, 45 young (46080K), 4 survivors (4096K)
 Metaspace       used 47343K, capacity 48536K, committed 48844K, reserved 1091584K
  class space    used 6066K, capacity 6517K, committed 6604K, reserved 1048576K
}
Event: 26.648 GC heap after
{Heap after GC invocations=17 (full 0):
 garbage-first heap   total 95232K, used 31233K [0x0000000080000000, 0x0000000100000000)
  region size 1024K, 4 young (4096K), 4 survivors (4096K)
 Metaspace       used 47343K, capacity 48536K, committed 48844K, reserved 1091584K
  class space    used 6066K, capacity 6517K, committed 6604K, reserved 1048576K
}
Event: 30.288 GC heap before
{Heap before GC invocations=17 (full 0):
 garbage-first heap   total 95232K, used 46593K [0x0000000080000000, 0x0000000100000000)
  region size 1024K, 21 young (21504K), 4 survivors (4096K)
 Metaspace       used 49622K, capacity 50789K, committed 50892K, reserved 1101824K
  class space    used 6317K, capacity 6796K, committed 6860K, reserved 1048576K
}
Event: 30.316 GC heap after
{Heap after GC invocations=18 (full 0):
 garbage-first heap   total 95232K, used 32669K [0x0000000080000000, 0x0000000100000000)
  region size 1024K, 4 young (4096K), 4 survivors (4096K)
 Metaspace       used 49622K, capacity 50789K, committed 50892K, reserved 1101824K
  class space    used 6317K, capacity 6796K, committed 6860K, reserved 1048576K
}

