# JRE version: OpenJDK Runtime Environment (11.0.11+9) (build 11.0.11+9-b60-7590822)
# Java VM: OpenJDK 64-Bit Server VM (11.0.11+9-b60-7590822, mixed mode, tiered, compressed oops, g1 gc, windows-amd64)
Heap:
 garbage-first heap   total 165888K, used 134116K [0x0000000080000000, 0x0000000100000000)
  region size 1024K, 21 young (21504K), 1 survivors (1024K)
 Metaspace       used 118374K, capacity 121757K, committed 121900K, reserved 1155072K
  class space    used 14912K, capacity 16177K, committed 16256K, reserved 1048576K
GC Heap History (20 events):
Event: 1442.926 GC heap before
{Heap before GC invocations=75 (full 1):
 garbage-first heap   total 165888K, used 131281K [0x0000000080000000, 0x0000000100000000)
  region size 1024K, 32 young (32768K), 1 survivors (1024K)
 Metaspace       used 117330K, capacity 120607K, committed 120748K, reserved 1155072K
  class space    used 14882K, capacity 16124K, committed 16128K, reserved 1048576K
}
Event: 1442.954 GC heap after
{Heap after GC invocations=76 (full 1):
 garbage-first heap   total 165888K, used 105507K [0x0000000080000000, 0x0000000100000000)
  region size 1024K, 4 young (4096K), 4 survivors (4096K)
 Metaspace       used 117330K, capacity 120607K, committed 120748K, reserved 1155072K
  class space    used 14882K, capacity 16124K, committed 16128K, reserved 1048576K
}
Event: 1442.966 GC heap before
{Heap before GC invocations=76 (full 1):
 garbage-first heap   total 165888K, used 109603K [0x0000000080000000, 0x0000000100000000)
  region size 1024K, 8 young (8192K), 4 survivors (4096K)
 Metaspace       used 117330K, capacity 120607K, committed 120748K, reserved 1155072K
  class space    used 14882K, capacity 16124K, committed 16128K, reserved 1048576K
}
Event: 1442.995 GC heap after
{Heap after GC invocations=77 (full 1):
 garbage-first heap   total 165888K, used 102653K [0x0000000080000000, 0x0000000100000000)
  region size 1024K, 1 young (1024K), 1 survivors (1024K)
 Metaspace       used 117330K, capacity 120607K, committed 120748K, reserved 1155072K
  class space    used 14882K, capacity 16124K, committed 16128K, reserved 1048576K
}
Event: 1443.295 GC heap before
{Heap before GC invocations=77 (full 1):
 garbage-first heap   total 165888K, used 130301K [0x0000000080000000, 0x0000000100000000)
  region size 1024K, 29 young (29696K), 1 survivors (1024K)
 Metaspace       used 117522K, capacity 120818K, committed 121004K, reserved 1155072K
  class space    used 14883K, capacity 16124K, committed 16128K, reserved 1048576K
}
Event: 1443.302 GC heap after
{Heap after GC invocations=78 (full 1):
 garbage-first heap   total 165888K, used 103383K [0x0000000080000000, 0x0000000100000000)
  region size 1024K, 2 young (2048K), 2 survivors (2048K)
 Metaspace       used 117522K, capacity 120818K, committed 121004K, reserved 1155072K
  class space    used 14883K, capacity 16124K, committed 16128K, reserved 1048576K
}
Event: 1444.281 GC heap before
{Heap before GC invocations=79 (full 1):
 garbage-first heap   total 165888K, used 133079K [0x0000000080000000, 0x0000000100000000)
  region size 1024K, 31 young (31744K), 2 survivors (2048K)
 Metaspace       used 117815K, capacity 121134K, committed 121388K, reserved 1155072K
  class space    used 14886K, capacity 16131K, committed 16256K, reserved 1048576K
}
Event: 1444.286 GC heap after
{Heap after GC invocations=80 (full 1):
 garbage-first heap   total 165888K, used 102219K [0x0000000080000000, 0x0000000100000000)
  region size 1024K, 1 young (1024K), 1 survivors (1024K)
 Metaspace       used 117815K, capacity 121134K, committed 121388K, reserved 1155072K
  class space    used 14886K, capacity 16131K, committed 16256K, reserved 1048576K
}
Event: 1444.845 GC heap before
{Heap before GC invocations=80 (full 1):
 garbage-first heap   total 165888K, used 115531K [0x0000000080000000, 0x0000000100000000)
  region size 1024K, 8 young (8192K), 1 survivors (1024K)
 Metaspace       used 117826K, capacity 121134K, committed 121388K, reserved 1155072K
  class space    used 14886K, capacity 16131K, committed 16256K, reserved 1048576K
}
Event: 1444.852 GC heap after
{Heap after GC invocations=81 (full 1):
 garbage-first heap   total 165888K, used 97350K [0x0000000080000000, 0x0000000100000000)
  region size 1024K, 1 young (1024K), 1 survivors (1024K)
 Metaspace       used 117826K, capacity 121134K, committed 121388K, reserved 1155072K
  class space    used 14886K, capacity 16131K, committed 16256K, reserved 1048576K
}
Event: 1662.436 GC heap before
{Heap before GC invocations=81 (full 1):
 garbage-first heap   total 165888K, used 130118K [0x0000000080000000, 0x0000000100000000)
  region size 1024K, 34 young (34816K), 1 survivors (1024K)
 Metaspace       used 118047K, capacity 121370K, committed 121644K, reserved 1155072K
  class space    used 14905K, capacity 16165K, committed 16256K, reserved 1048576K
}
Event: 1662.613 GC heap after
{Heap after GC invocations=82 (full 1):
 garbage-first heap   total 165888K, used 100934K [0x0000000080000000, 0x0000000100000000)
  region size 1024K, 5 young (5120K), 5 survivors (5120K)
 Metaspace       used 118047K, capacity 121370K, committed 121644K, reserved 1155072K
  class space    used 14905K, capacity 16165K, committed 16256K, reserved 1048576K
}
Event: 1666.729 GC heap before
{Heap before GC invocations=83 (full 1):
 garbage-first heap   total 165888K, used 131654K [0x0000000080000000, 0x0000000100000000)
  region size 1024K, 36 young (36864K), 5 survivors (5120K)
 Metaspace       used 118125K, capacity 121396K, committed 121644K, reserved 1155072K
  class space    used 14909K, capacity 16172K, committed 16256K, reserved 1048576K
}
Event: 1666.875 GC heap after
{Heap after GC invocations=84 (full 1):
 garbage-first heap   total 165888K, used 106999K [0x0000000080000000, 0x0000000100000000)
  region size 1024K, 5 young (5120K), 5 survivors (5120K)
 Metaspace       used 118125K, capacity 121396K, committed 121644K, reserved 1155072K
  class space    used 14909K, capacity 16172K, committed 16256K, reserved 1048576K
}
Event: 1666.914 GC heap before
{Heap before GC invocations=84 (full 1):
 garbage-first heap   total 165888K, used 110071K [0x0000000080000000, 0x0000000100000000)
  region size 1024K, 8 young (8192K), 5 survivors (5120K)
 Metaspace       used 118126K, capacity 121396K, committed 121644K, reserved 1155072K
  class space    used 14909K, capacity 16172K, committed 16256K, reserved 1048576K
}
Event: 1667.003 GC heap after
{Heap after GC invocations=85 (full 1):
 garbage-first heap   total 165888K, used 105774K [0x0000000080000000, 0x0000000100000000)
  region size 1024K, 1 young (1024K), 1 survivors (1024K)
 Metaspace       used 118126K, capacity 121396K, committed 121644K, reserved 1155072K
  class space    used 14909K, capacity 16172K, committed 16256K, reserved 1048576K
}
Event: 1668.573 GC heap before
{Heap before GC invocations=85 (full 1):
 garbage-first heap   total 165888K, used 133422K [0x0000000080000000, 0x0000000100000000)
  region size 1024K, 28 young (28672K), 1 survivors (1024K)
 Metaspace       used 118225K, capacity 121604K, committed 121900K, reserved 1155072K
  class space    used 14910K, capacity 16174K, committed 16256K, reserved 1048576K
}
Event: 1668.608 GC heap after
{Heap after GC invocations=86 (full 1):
 garbage-first heap   total 165888K, used 109874K [0x0000000080000000, 0x0000000100000000)
  region size 1024K, 4 young (4096K), 4 survivors (4096K)
 Metaspace       used 118225K, capacity 121604K, committed 121900K, reserved 1155072K
  class space    used 14910K, capacity 16174K, committed 16256K, reserved 1048576K
}
Event: 1669.549 GC heap before
{Heap before GC invocations=86 (full 1):
 garbage-first heap   total 165888K, used 134450K [0x0000000080000000, 0x0000000100000000)
  region size 1024K, 29 young (29696K), 4 survivors (4096K)
 Metaspace       used 118335K, capacity 121692K, committed 121900K, reserved 1155072K
  class space    used 14912K, capacity 16177K, committed 16256K, reserved 1048576K
}
Event: 1669.565 GC heap after
{Heap after GC invocations=87 (full 1):
 garbage-first heap   total 165888K, used 110564K [0x0000000080000000, 0x0000000100000000)
  region size 1024K, 1 young (1024K), 1 survivors (1024K)
 Metaspace       used 118335K, capacity 121692K, committed 121900K, reserved 1155072K
  class space    used 14912K, capacity 16177K, committed 16256K, reserved 1048576K
}

